Flow report for g07_lab3
Fri Nov 10 15:31:45 2017
Quartus II 64-Bit Version 13.0.0 Build 156 04/24/2013 SJ Web Edition


---------------------
; Table of Contents ;
---------------------
  1. Legal Notice
  2. Flow Summary
  3. Flow Settings
  4. Flow Non-Default Global Settings
  5. Flow Elapsed Time
  6. Flow OS Summary
  7. Flow Log
  8. Flow Messages
  9. Flow Suppressed Messages



----------------
; Legal Notice ;
----------------
Copyright (C) 1991-2013 Altera Corporation
Your use of Altera Corporation's design tools, logic functions 
and other software and tools, and its AMPP partner logic 
functions, and any output files from any of the foregoing 
(including device programming or simulation files), and any 
associated documentation or information are expressly subject 
to the terms and conditions of the Altera Program License 
Subscription Agreement, Altera MegaCore Function License 
Agreement, or other applicable license agreement, including, 
without limitation, that your use is for the sole purpose of 
programming logic devices manufactured by Altera and sold by 
Altera or its authorized distributors.  Please refer to the 
applicable agreement for further details.



+---------------------------------------------------------------------------------+
; Flow Summary                                                                    ;
+------------------------------------+--------------------------------------------+
; Flow Status                        ; Successful - Fri Nov 10 15:31:45 2017      ;
; Quartus II 64-Bit Version          ; 13.0.0 Build 156 04/24/2013 SJ Web Edition ;
; Revision Name                      ; g07_lab3                                   ;
; Top-level Entity Name              ; g07_lab3_testbed                           ;
; Family                             ; Cyclone II                                 ;
; Device                             ; EP2C20F484C7                               ;
; Timing Models                      ; Final                                      ;
; Total logic elements               ; 1,414 / 18,752 ( 8 % )                     ;
;     Total combinational functions  ; 1,099 / 18,752 ( 6 % )                     ;
;     Dedicated logic registers      ; 956 / 18,752 ( 5 % )                       ;
; Total registers                    ; 956                                        ;
; Total pins                         ; 54 / 315 ( 17 % )                          ;
; Total virtual pins                 ; 0                                          ;
; Total memory bits                  ; 6,400 / 239,616 ( 3 % )                    ;
; Embedded Multiplier 9-bit elements ; 0 / 52 ( 0 % )                             ;
; Total PLLs                         ; 0 / 4 ( 0 % )                              ;
+------------------------------------+--------------------------------------------+


+-----------------------------------------+
; Flow Settings                           ;
+-------------------+---------------------+
; Option            ; Setting             ;
+-------------------+---------------------+
; Start date & time ; 11/10/2017 15:30:55 ;
; Main task         ; Compilation         ;
; Revision Name     ; g07_lab3            ;
+-------------------+---------------------+


+--------------------------------------------------------------------------------------------------------------------------------------------------------------------------------------------------------------+
; Flow Non-Default Global Settings                                                                                                                                                                             ;
+-------------------------------------+------------------------------------------------------------------------------------------------------------------+---------------+------------------+------------------+
; Assignment Name                     ; Value                                                                                                            ; Default Value ; Entity Name      ; Section Id       ;
+-------------------------------------+------------------------------------------------------------------------------------------------------------------+---------------+------------------+------------------+
; COMPILER_SIGNATURE_ID               ; 198660151397250.151034585500820                                                                                  ; --            ; --               ; --               ;
; EDA_GENERATE_FUNCTIONAL_NETLIST     ; On                                                                                                               ; --            ; --               ; eda_simulation   ;
; EDA_OUTPUT_DATA_FORMAT              ; Verilog Hdl                                                                                                      ; --            ; --               ; eda_simulation   ;
; EDA_SIMULATION_TOOL                 ; ModelSim-Altera (Verilog)                                                                                        ; <None>        ; --               ; --               ;
; EDA_TIME_SCALE                      ; 1 ps                                                                                                             ; --            ; --               ; eda_simulation   ;
; ENABLE_SIGNALTAP                    ; On                                                                                                               ; --            ; --               ; --               ;
; IP_TOOL_NAME                        ; LPM_MUX                                                                                                          ; --            ; --               ; --               ;
; IP_TOOL_NAME                        ; LPM_COMPARE                                                                                                      ; --            ; --               ; --               ;
; IP_TOOL_NAME                        ; LPM_COMPARE                                                                                                      ; --            ; --               ; --               ;
; IP_TOOL_NAME                        ; LPM_COUNTER                                                                                                      ; --            ; --               ; --               ;
; IP_TOOL_NAME                        ; LPM_MUX                                                                                                          ; --            ; --               ; --               ;
; IP_TOOL_NAME                        ; LPM_MUX                                                                                                          ; --            ; --               ; --               ;
; IP_TOOL_NAME                        ; LPM_CONSTANT                                                                                                     ; --            ; --               ; --               ;
; IP_TOOL_NAME                        ; LPM_CONSTANT                                                                                                     ; --            ; --               ; --               ;
; IP_TOOL_NAME                        ; LPM_CONSTANT                                                                                                     ; --            ; --               ; --               ;
; IP_TOOL_NAME                        ; LPM_CONSTANT                                                                                                     ; --            ; --               ; --               ;
; IP_TOOL_NAME                        ; LPM_COUNTER                                                                                                      ; --            ; --               ; --               ;
; IP_TOOL_NAME                        ; LPM_COMPARE                                                                                                      ; --            ; --               ; --               ;
; IP_TOOL_NAME                        ; LPM_CONSTANT                                                                                                     ; --            ; --               ; --               ;
; IP_TOOL_NAME                        ; LPM_CONSTANT                                                                                                     ; --            ; --               ; --               ;
; IP_TOOL_VERSION                     ; 13.0                                                                                                             ; --            ; --               ; --               ;
; IP_TOOL_VERSION                     ; 13.0                                                                                                             ; --            ; --               ; --               ;
; IP_TOOL_VERSION                     ; 13.0                                                                                                             ; --            ; --               ; --               ;
; IP_TOOL_VERSION                     ; 13.0                                                                                                             ; --            ; --               ; --               ;
; IP_TOOL_VERSION                     ; 13.0                                                                                                             ; --            ; --               ; --               ;
; IP_TOOL_VERSION                     ; 13.0                                                                                                             ; --            ; --               ; --               ;
; IP_TOOL_VERSION                     ; 13.0                                                                                                             ; --            ; --               ; --               ;
; IP_TOOL_VERSION                     ; 13.0                                                                                                             ; --            ; --               ; --               ;
; IP_TOOL_VERSION                     ; 13.0                                                                                                             ; --            ; --               ; --               ;
; IP_TOOL_VERSION                     ; 13.0                                                                                                             ; --            ; --               ; --               ;
; IP_TOOL_VERSION                     ; 13.0                                                                                                             ; --            ; --               ; --               ;
; IP_TOOL_VERSION                     ; 13.0                                                                                                             ; --            ; --               ; --               ;
; IP_TOOL_VERSION                     ; 13.0                                                                                                             ; --            ; --               ; --               ;
; IP_TOOL_VERSION                     ; 13.0                                                                                                             ; --            ; --               ; --               ;
; MAX_CORE_JUNCTION_TEMP              ; 85                                                                                                               ; --            ; --               ; --               ;
; MIN_CORE_JUNCTION_TEMP              ; 0                                                                                                                ; --            ; --               ; --               ;
; MISC_FILE                           ; lpm_mux_valueSelect.bsf                                                                                          ; --            ; --               ; --               ;
; MISC_FILE                           ; lpm_mux_valueSelect.cmp                                                                                          ; --            ; --               ; --               ;
; MISC_FILE                           ; lpm_compare0.bsf                                                                                                 ; --            ; --               ; --               ;
; MISC_FILE                           ; lpm_compare0.cmp                                                                                                 ; --            ; --               ; --               ;
; MISC_FILE                           ; lpm_compare52.bsf                                                                                                ; --            ; --               ; --               ;
; MISC_FILE                           ; lpm_compare52.cmp                                                                                                ; --            ; --               ; --               ;
; MISC_FILE                           ; lpm_counter_stack.bsf                                                                                            ; --            ; --               ; --               ;
; MISC_FILE                           ; lpm_counter_stack.cmp                                                                                            ; --            ; --               ; --               ;
; MISC_FILE                           ; lpm_mux2.bsf                                                                                                     ; --            ; --               ; --               ;
; MISC_FILE                           ; lpm_mux2.cmp                                                                                                     ; --            ; --               ; --               ;
; MISC_FILE                           ; lpm_mux4.bsf                                                                                                     ; --            ; --               ; --               ;
; MISC_FILE                           ; lpm_mux4.cmp                                                                                                     ; --            ; --               ; --               ;
; MISC_FILE                           ; lpm_constant_NOOP.bsf                                                                                            ; --            ; --               ; --               ;
; MISC_FILE                           ; lpm_constant_NOOP.cmp                                                                                            ; --            ; --               ; --               ;
; MISC_FILE                           ; lpm_constant_POP.bsf                                                                                             ; --            ; --               ; --               ;
; MISC_FILE                           ; lpm_constant_POP.cmp                                                                                             ; --            ; --               ; --               ;
; MISC_FILE                           ; lpm_constant_PUSH.bsf                                                                                            ; --            ; --               ; --               ;
; MISC_FILE                           ; lpm_constant_PUSH.cmp                                                                                            ; --            ; --               ; --               ;
; MISC_FILE                           ; lpm_constant_INIT.bsf                                                                                            ; --            ; --               ; --               ;
; MISC_FILE                           ; lpm_constant_INIT.cmp                                                                                            ; --            ; --               ; --               ;
; MISC_FILE                           ; lpm_counter_bounce1.bsf                                                                                          ; --            ; --               ; --               ;
; MISC_FILE                           ; lpm_counter_bounce1.cmp                                                                                          ; --            ; --               ; --               ;
; MISC_FILE                           ; lpm_compare_bounce0.bsf                                                                                          ; --            ; --               ; --               ;
; MISC_FILE                           ; lpm_compare_bounce0.cmp                                                                                          ; --            ; --               ; --               ;
; MISC_FILE                           ; output_files/lpm_constant42.bsf                                                                                  ; --            ; --               ; --               ;
; MISC_FILE                           ; output_files/lpm_constant42.cmp                                                                                  ; --            ; --               ; --               ;
; MISC_FILE                           ; lpm_constant42_fix.bsf                                                                                           ; --            ; --               ; --               ;
; MISC_FILE                           ; lpm_constant42_fix.cmp                                                                                           ; --            ; --               ; --               ;
; PARTITION_COLOR                     ; 16764057                                                                                                         ; --            ; g07_lab3_testbed ; Top              ;
; PARTITION_FITTER_PRESERVATION_LEVEL ; PLACEMENT_AND_ROUTING                                                                                            ; --            ; g07_lab3_testbed ; Top              ;
; PARTITION_NETLIST_TYPE              ; SOURCE                                                                                                           ; --            ; g07_lab3_testbed ; Top              ;
; PROJECT_OUTPUT_DIRECTORY            ; output_files                                                                                                     ; --            ; --               ; --               ;
; SLD_FILE                            ; C:/Users/peter/OneDrive/Documents/McGill 5/DSD/DSD-Labs/Lab3/g07_stack_testbed_auto_stripped.stp                 ; --            ; --               ; --               ;
; SLD_NODE_CREATOR_ID                 ; 110                                                                                                              ; --            ; --               ; auto_signaltap_0 ;
; SLD_NODE_ENTITY_NAME                ; sld_signaltap                                                                                                    ; --            ; --               ; auto_signaltap_0 ;
; SLD_NODE_PARAMETER_ASSIGNMENT       ; SLD_DATA_BITS=24                                                                                                 ; --            ; --               ; auto_signaltap_0 ;
; SLD_NODE_PARAMETER_ASSIGNMENT       ; SLD_TRIGGER_BITS=24                                                                                              ; --            ; --               ; auto_signaltap_0 ;
; SLD_NODE_PARAMETER_ASSIGNMENT       ; SLD_NODE_INFO=805334528                                                                                          ; --            ; --               ; auto_signaltap_0 ;
; SLD_NODE_PARAMETER_ASSIGNMENT       ; SLD_POWER_UP_TRIGGER=0                                                                                           ; --            ; --               ; auto_signaltap_0 ;
; SLD_NODE_PARAMETER_ASSIGNMENT       ; SLD_INVERSION_MASK=000000000000000000000000000000000000000000000000000000000000000000000000000000000000000000000 ; --            ; --               ; auto_signaltap_0 ;
; SLD_NODE_PARAMETER_ASSIGNMENT       ; SLD_INVERSION_MASK_LENGTH=93                                                                                     ; --            ; --               ; auto_signaltap_0 ;
; SLD_NODE_PARAMETER_ASSIGNMENT       ; SLD_STORAGE_QUALIFIER_INVERSION_MASK_LENGTH=0                                                                    ; --            ; --               ; auto_signaltap_0 ;
; SLD_NODE_PARAMETER_ASSIGNMENT       ; SLD_SEGMENT_SIZE=128                                                                                             ; --            ; --               ; auto_signaltap_0 ;
; SLD_NODE_PARAMETER_ASSIGNMENT       ; SLD_ATTRIBUTE_MEM_MODE=OFF                                                                                       ; --            ; --               ; auto_signaltap_0 ;
; SLD_NODE_PARAMETER_ASSIGNMENT       ; SLD_STATE_FLOW_USE_GENERATED=0                                                                                   ; --            ; --               ; auto_signaltap_0 ;
; SLD_NODE_PARAMETER_ASSIGNMENT       ; SLD_STATE_BITS=11                                                                                                ; --            ; --               ; auto_signaltap_0 ;
; SLD_NODE_PARAMETER_ASSIGNMENT       ; SLD_BUFFER_FULL_STOP=1                                                                                           ; --            ; --               ; auto_signaltap_0 ;
; SLD_NODE_PARAMETER_ASSIGNMENT       ; SLD_CURRENT_RESOURCE_WIDTH=1                                                                                     ; --            ; --               ; auto_signaltap_0 ;
; SLD_NODE_PARAMETER_ASSIGNMENT       ; SLD_NODE_CRC_LOWORD=44083                                                                                        ; --            ; --               ; auto_signaltap_0 ;
; SLD_NODE_PARAMETER_ASSIGNMENT       ; SLD_NODE_CRC_HIWORD=15478                                                                                        ; --            ; --               ; auto_signaltap_0 ;
; SLD_NODE_PARAMETER_ASSIGNMENT       ; SLD_TRIGGER_LEVEL=1                                                                                              ; --            ; --               ; auto_signaltap_0 ;
; SLD_NODE_PARAMETER_ASSIGNMENT       ; SLD_SAMPLE_DEPTH=128                                                                                             ; --            ; --               ; auto_signaltap_0 ;
; SLD_NODE_PARAMETER_ASSIGNMENT       ; SLD_TRIGGER_IN_ENABLED=0                                                                                         ; --            ; --               ; auto_signaltap_0 ;
; SLD_NODE_PARAMETER_ASSIGNMENT       ; SLD_ADVANCED_TRIGGER_ENTITY=basic,1,                                                                             ; --            ; --               ; auto_signaltap_0 ;
; SLD_NODE_PARAMETER_ASSIGNMENT       ; SLD_TRIGGER_LEVEL_PIPELINE=1                                                                                     ; --            ; --               ; auto_signaltap_0 ;
; SLD_NODE_PARAMETER_ASSIGNMENT       ; SLD_ENABLE_ADVANCED_TRIGGER=0                                                                                    ; --            ; --               ; auto_signaltap_0 ;
; TOP_LEVEL_ENTITY                    ; g07_lab3_testbed                                                                                                 ; g07_lab3      ; --               ; --               ;
; USE_SIGNALTAP_FILE                  ; g07_stack_testbed.stp                                                                                            ; --            ; --               ; --               ;
+-------------------------------------+------------------------------------------------------------------------------------------------------------------+---------------+------------------+------------------+


+-------------------------------------------------------------------------------------------------------------------------------+
; Flow Elapsed Time                                                                                                             ;
+---------------------------+--------------+-------------------------+---------------------+------------------------------------+
; Module Name               ; Elapsed Time ; Average Processors Used ; Peak Virtual Memory ; Total CPU Time (on all processors) ;
+---------------------------+--------------+-------------------------+---------------------+------------------------------------+
; Analysis & Synthesis      ; 00:00:19     ; 1.0                     ; 598 MB              ; 00:00:18                           ;
; Fitter                    ; 00:00:14     ; 1.2                     ; 899 MB              ; 00:00:14                           ;
; Assembler                 ; 00:00:02     ; 1.0                     ; 456 MB              ; 00:00:03                           ;
; TimeQuest Timing Analyzer ; 00:00:02     ; 1.0                     ; 488 MB              ; 00:00:02                           ;
; EDA Netlist Writer        ; 00:00:02     ; 1.0                     ; 436 MB              ; 00:00:02                           ;
; Total                     ; 00:00:39     ; --                      ; --                  ; 00:00:39                           ;
+---------------------------+--------------+-------------------------+---------------------+------------------------------------+


+----------------------------------------------------------------------------------------+
; Flow OS Summary                                                                        ;
+---------------------------+------------------+-----------+------------+----------------+
; Module Name               ; Machine Hostname ; OS Name   ; OS Version ; Processor type ;
+---------------------------+------------------+-----------+------------+----------------+
; Analysis & Synthesis      ; Peter-Surface    ; Windows 7 ; 6.2        ; x86_64         ;
; Fitter                    ; Peter-Surface    ; Windows 7 ; 6.2        ; x86_64         ;
; Assembler                 ; Peter-Surface    ; Windows 7 ; 6.2        ; x86_64         ;
; TimeQuest Timing Analyzer ; Peter-Surface    ; Windows 7 ; 6.2        ; x86_64         ;
; EDA Netlist Writer        ; Peter-Surface    ; Windows 7 ; 6.2        ; x86_64         ;
+---------------------------+------------------+-----------+------------+----------------+


------------
; Flow Log ;
------------
quartus_map --read_settings_files=on --write_settings_files=off g07_lab3 -c g07_lab3
quartus_fit --read_settings_files=off --write_settings_files=off g07_lab3 -c g07_lab3
quartus_asm --read_settings_files=off --write_settings_files=off g07_lab3 -c g07_lab3
quartus_sta g07_lab3 -c g07_lab3
quartus_eda --read_settings_files=off --write_settings_files=off g07_lab3 -c g07_lab3



