Analysis & Synthesis report for g07_lab3
Fri Oct 27 16:27:11 2017
Quartus II 64-Bit Version 13.0.0 Build 156 04/24/2013 SJ Web Edition


---------------------
; Table of Contents ;
---------------------
  1. Legal Notice
  2. Analysis & Synthesis Summary
  3. Analysis & Synthesis Settings
  4. Parallel Compilation
  5. Analysis & Synthesis Messages



----------------
; Legal Notice ;
----------------
Copyright (C) 1991-2013 Altera Corporation
Your use of Altera Corporation's design tools, logic functions 
and other software and tools, and its AMPP partner logic 
functions, and any output files from any of the foregoing 
(including device programming or simulation files), and any 
associated documentation or information are expressly subject 
to the terms and conditions of the Altera Program License 
Subscription Agreement, Altera MegaCore Function License 
Agreement, or other applicable license agreement, including, 
without limitation, that your use is for the sole purpose of 
programming logic devices manufactured by Altera and sold by 
Altera or its authorized distributors.  Please refer to the 
applicable agreement for further details.



+---------------------------------------------------------------------------------+
; Analysis & Synthesis Summary                                                    ;
+------------------------------------+--------------------------------------------+
; Analysis & Synthesis Status        ; Failed - Fri Oct 27 16:27:11 2017          ;
; Quartus II 64-Bit Version          ; 13.0.0 Build 156 04/24/2013 SJ Web Edition ;
; Revision Name                      ; g07_lab3                                   ;
; Top-level Entity Name              ; g07_lab3_testbed                           ;
; Family                             ; Cyclone II                                 ;
; Total logic elements               ; N/A until Partition Merge                  ;
;     Total combinational functions  ; N/A until Partition Merge                  ;
;     Dedicated logic registers      ; N/A until Partition Merge                  ;
; Total registers                    ; N/A until Partition Merge                  ;
; Total pins                         ; N/A until Partition Merge                  ;
; Total virtual pins                 ; N/A until Partition Merge                  ;
; Total memory bits                  ; N/A until Partition Merge                  ;
; Embedded Multiplier 9-bit elements ; N/A until Partition Merge                  ;
; Total PLLs                         ; N/A until Partition Merge                  ;
+------------------------------------+--------------------------------------------+


+----------------------------------------------------------------------------------------------------------------------+
; Analysis & Synthesis Settings                                                                                        ;
+----------------------------------------------------------------------------+--------------------+--------------------+
; Option                                                                     ; Setting            ; Default Value      ;
+----------------------------------------------------------------------------+--------------------+--------------------+
; Device                                                                     ; EP2C20F484C7       ;                    ;
; Top-level entity name                                                      ; g07_lab3_testbed   ; g07_lab3           ;
; Family name                                                                ; Cyclone II         ; Cyclone IV GX      ;
; Use smart compilation                                                      ; Off                ; Off                ;
; Enable parallel Assembler and TimeQuest Timing Analyzer during compilation ; On                 ; On                 ;
; Enable compact report table                                                ; Off                ; Off                ;
; Restructure Multiplexers                                                   ; Auto               ; Auto               ;
; Create Debugging Nodes for IP Cores                                        ; Off                ; Off                ;
; Preserve fewer node names                                                  ; On                 ; On                 ;
; Disable OpenCore Plus hardware evaluation                                  ; Off                ; Off                ;
; Verilog Version                                                            ; Verilog_2001       ; Verilog_2001       ;
; VHDL Version                                                               ; VHDL_1993          ; VHDL_1993          ;
; State Machine Processing                                                   ; Auto               ; Auto               ;
; Safe State Machine                                                         ; Off                ; Off                ;
; Extract Verilog State Machines                                             ; On                 ; On                 ;
; Extract VHDL State Machines                                                ; On                 ; On                 ;
; Ignore Verilog initial constructs                                          ; Off                ; Off                ;
; Iteration limit for constant Verilog loops                                 ; 5000               ; 5000               ;
; Iteration limit for non-constant Verilog loops                             ; 250                ; 250                ;
; Add Pass-Through Logic to Inferred RAMs                                    ; On                 ; On                 ;
; Infer RAMs from Raw Logic                                                  ; On                 ; On                 ;
; Parallel Synthesis                                                         ; On                 ; On                 ;
; DSP Block Balancing                                                        ; Auto               ; Auto               ;
; NOT Gate Push-Back                                                         ; On                 ; On                 ;
; Power-Up Don't Care                                                        ; On                 ; On                 ;
; Remove Redundant Logic Cells                                               ; Off                ; Off                ;
; Remove Duplicate Registers                                                 ; On                 ; On                 ;
; Ignore CARRY Buffers                                                       ; Off                ; Off                ;
; Ignore CASCADE Buffers                                                     ; Off                ; Off                ;
; Ignore GLOBAL Buffers                                                      ; Off                ; Off                ;
; Ignore ROW GLOBAL Buffers                                                  ; Off                ; Off                ;
; Ignore LCELL Buffers                                                       ; Off                ; Off                ;
; Ignore SOFT Buffers                                                        ; On                 ; On                 ;
; Limit AHDL Integers to 32 Bits                                             ; Off                ; Off                ;
; Optimization Technique                                                     ; Balanced           ; Balanced           ;
; Carry Chain Length                                                         ; 70                 ; 70                 ;
; Auto Carry Chains                                                          ; On                 ; On                 ;
; Auto Open-Drain Pins                                                       ; On                 ; On                 ;
; Perform WYSIWYG Primitive Resynthesis                                      ; Off                ; Off                ;
; Auto ROM Replacement                                                       ; On                 ; On                 ;
; Auto RAM Replacement                                                       ; On                 ; On                 ;
; Auto Shift Register Replacement                                            ; Auto               ; Auto               ;
; Allow Shift Register Merging across Hierarchies                            ; Auto               ; Auto               ;
; Auto Clock Enable Replacement                                              ; On                 ; On                 ;
; Strict RAM Replacement                                                     ; Off                ; Off                ;
; Allow Synchronous Control Signals                                          ; On                 ; On                 ;
; Force Use of Synchronous Clear Signals                                     ; Off                ; Off                ;
; Auto RAM to Logic Cell Conversion                                          ; Off                ; Off                ;
; Auto Resource Sharing                                                      ; Off                ; Off                ;
; Allow Any RAM Size For Recognition                                         ; Off                ; Off                ;
; Allow Any ROM Size For Recognition                                         ; Off                ; Off                ;
; Allow Any Shift Register Size For Recognition                              ; Off                ; Off                ;
; Use LogicLock Constraints during Resource Balancing                        ; On                 ; On                 ;
; Ignore translate_off and synthesis_off directives                          ; Off                ; Off                ;
; Timing-Driven Synthesis                                                    ; Off                ; Off                ;
; Report Parameter Settings                                                  ; On                 ; On                 ;
; Report Source Assignments                                                  ; On                 ; On                 ;
; Report Connectivity Checks                                                 ; On                 ; On                 ;
; Ignore Maximum Fan-Out Assignments                                         ; Off                ; Off                ;
; Synchronization Register Chain Length                                      ; 2                  ; 2                  ;
; PowerPlay Power Optimization                                               ; Normal compilation ; Normal compilation ;
; HDL message level                                                          ; Level2             ; Level2             ;
; Suppress Register Optimization Related Messages                            ; Off                ; Off                ;
; Number of Removed Registers Reported in Synthesis Report                   ; 5000               ; 5000               ;
; Number of Swept Nodes Reported in Synthesis Report                         ; 5000               ; 5000               ;
; Number of Inverted Registers Reported in Synthesis Report                  ; 100                ; 100                ;
; Clock MUX Protection                                                       ; On                 ; On                 ;
; Auto Gated Clock Conversion                                                ; Off                ; Off                ;
; Block Design Naming                                                        ; Auto               ; Auto               ;
; SDC constraint protection                                                  ; Off                ; Off                ;
; Synthesis Effort                                                           ; Auto               ; Auto               ;
; Shift Register Replacement - Allow Asynchronous Clear Signal               ; On                 ; On                 ;
; Pre-Mapping Resynthesis Optimization                                       ; Off                ; Off                ;
; Analysis & Synthesis Message Level                                         ; Medium             ; Medium             ;
; Disable Register Merging Across Hierarchies                                ; Auto               ; Auto               ;
; Resource Aware Inference For Block RAM                                     ; On                 ; On                 ;
; Synthesis Seed                                                             ; 1                  ; 1                  ;
+----------------------------------------------------------------------------+--------------------+--------------------+


Parallel compilation was disabled, but you have multiple processors available. Enable parallel compilation to reduce compilation time.
+-------------------------------------+
; Parallel Compilation                ;
+----------------------------+--------+
; Processors                 ; Number ;
+----------------------------+--------+
; Number detected on machine ; 4      ;
; Maximum allowed            ; 1      ;
+----------------------------+--------+


+-------------------------------+
; Analysis & Synthesis Messages ;
+-------------------------------+
Info: *******************************************************************
Info: Running Quartus II 64-Bit Analysis & Synthesis
    Info: Version 13.0.0 Build 156 04/24/2013 SJ Web Edition
    Info: Processing started: Fri Oct 27 16:27:06 2017
Info: Command: quartus_map --read_settings_files=on --write_settings_files=off g07_lab3 -c g07_lab3
Warning (20028): Parallel compilation is not licensed and has been disabled
Info (12021): Found 1 design units, including 1 entities, in source file g07_stack52.bdf
    Info (12023): Found entity 1: g07_stack52
Info (12021): Found 2 design units, including 1 entities, in source file lpm_mux_valueselect.vhd
    Info (12022): Found design unit 1: lpm_mux_valueselect-SYN
    Info (12023): Found entity 1: lpm_mux_valueSelect
Info (12021): Found 2 design units, including 1 entities, in source file lpm_compare0.vhd
    Info (12022): Found design unit 1: lpm_compare0-SYN
    Info (12023): Found entity 1: lpm_compare0
Info (12021): Found 2 design units, including 1 entities, in source file lpm_compare52.vhd
    Info (12022): Found design unit 1: lpm_compare52-SYN
    Info (12023): Found entity 1: lpm_compare52
Info (12021): Found 2 design units, including 1 entities, in source file lpm_counter_stack.vhd
    Info (12022): Found design unit 1: lpm_counter_stack-SYN
    Info (12023): Found entity 1: lpm_counter_stack
Info (12021): Found 2 design units, including 1 entities, in source file lpm_mux2.vhd
    Info (12022): Found design unit 1: lpm_mux2-SYN
    Info (12023): Found entity 1: lpm_mux2
Info (12021): Found 2 design units, including 1 entities, in source file lpm_mux4.vhd
    Info (12022): Found design unit 1: lpm_mux4-SYN
    Info (12023): Found entity 1: lpm_mux4
Info (12021): Found 2 design units, including 1 entities, in source file lpm_constant_noop.vhd
    Info (12022): Found design unit 1: lpm_constant_noop-SYN
    Info (12023): Found entity 1: lpm_constant_NOOP
Info (12021): Found 2 design units, including 1 entities, in source file lpm_constant_pop.vhd
    Info (12022): Found design unit 1: lpm_constant_pop-SYN
    Info (12023): Found entity 1: lpm_constant_POP
Info (12021): Found 2 design units, including 1 entities, in source file lpm_constant_push.vhd
    Info (12022): Found design unit 1: lpm_constant_push-SYN
    Info (12023): Found entity 1: lpm_constant_PUSH
Info (12021): Found 2 design units, including 1 entities, in source file lpm_constant_init.vhd
    Info (12022): Found design unit 1: lpm_constant_init-SYN
    Info (12023): Found entity 1: lpm_constant_INIT
Info (12021): Found 1 design units, including 1 entities, in source file g07_lab3_testbed.bdf
    Info (12023): Found entity 1: g07_lab3_testbed
Info (12021): Found 1 design units, including 1 entities, in source file g07_debouncer.bdf
    Info (12023): Found entity 1: g07_debouncer
Info (12021): Found 2 design units, including 1 entities, in source file lpm_counter_bounce1.vhd
    Info (12022): Found design unit 1: lpm_counter_bounce1-SYN
    Info (12023): Found entity 1: lpm_counter_bounce1
Info (12021): Found 2 design units, including 1 entities, in source file lpm_compare_bounce0.vhd
    Info (12022): Found design unit 1: lpm_compare_bounce0-SYN
    Info (12023): Found entity 1: lpm_compare_bounce0
Info (12021): Found 2 design units, including 1 entities, in source file output_files/lpm_constant42.vhd
    Info (12022): Found design unit 1: lpm_constant42-SYN
    Info (12023): Found entity 1: lpm_constant42
Info (12127): Elaborating entity "g07_lab3_testbed" for the top level hierarchy
Error (275062): Logic function of type lpm_constant42 and instance "inst" is already defined as a signal name or another logic function
Error (12153): Can't elaborate top-level user hierarchy
Error: Quartus II 64-Bit Analysis & Synthesis was unsuccessful. 2 errors, 1 warning
    Error: Peak virtual memory: 518 megabytes
    Error: Processing ended: Fri Oct 27 16:27:11 2017
    Error: Elapsed time: 00:00:05
    Error: Total CPU time (on all processors): 00:00:04


