Analysis & Synthesis report for g07_Lab4
Thu Nov 16 21:21:38 2017
Quartus II 64-Bit Version 13.0.0 Build 156 04/24/2013 SJ Web Edition


---------------------
; Table of Contents ;
---------------------
  1. Legal Notice
  2. Analysis & Synthesis Summary
  3. Analysis & Synthesis Settings
  4. Parallel Compilation
  5. Analysis & Synthesis Source Files Read
  6. Analysis & Synthesis Resource Usage Summary
  7. Analysis & Synthesis Resource Utilization by Entity
  8. General Register Statistics
  9. Multiplexer Restructuring Statistics (Restructuring Performed)
 10. Elapsed Time Per Partition
 11. Analysis & Synthesis Messages



----------------
; Legal Notice ;
----------------
Copyright (C) 1991-2013 Altera Corporation
Your use of Altera Corporation's design tools, logic functions 
and other software and tools, and its AMPP partner logic 
functions, and any output files from any of the foregoing 
(including device programming or simulation files), and any 
associated documentation or information are expressly subject 
to the terms and conditions of the Altera Program License 
Subscription Agreement, Altera MegaCore Function License 
Agreement, or other applicable license agreement, including, 
without limitation, that your use is for the sole purpose of 
programming logic devices manufactured by Altera and sold by 
Altera or its authorized distributors.  Please refer to the 
applicable agreement for further details.



+---------------------------------------------------------------------------------+
; Analysis & Synthesis Summary                                                    ;
+------------------------------------+--------------------------------------------+
; Analysis & Synthesis Status        ; Successful - Thu Nov 16 21:21:38 2017      ;
; Quartus II 64-Bit Version          ; 13.0.0 Build 156 04/24/2013 SJ Web Edition ;
; Revision Name                      ; g07_Lab4                                   ;
; Top-level Entity Name              ; g07_testing                                ;
; Family                             ; Cyclone II                                 ;
; Total logic elements               ; 42                                         ;
;     Total combinational functions  ; 42                                         ;
;     Dedicated logic registers      ; 0                                          ;
; Total registers                    ; 0                                          ;
; Total pins                         ; 19                                         ;
; Total virtual pins                 ; 0                                          ;
; Total memory bits                  ; 0                                          ;
; Embedded Multiplier 9-bit elements ; 0                                          ;
; Total PLLs                         ; 0                                          ;
+------------------------------------+--------------------------------------------+


+----------------------------------------------------------------------------------------------------------------------+
; Analysis & Synthesis Settings                                                                                        ;
+----------------------------------------------------------------------------+--------------------+--------------------+
; Option                                                                     ; Setting            ; Default Value      ;
+----------------------------------------------------------------------------+--------------------+--------------------+
; Device                                                                     ; EP2C20F484C7       ;                    ;
; Top-level entity name                                                      ; g07_testing        ; g07_Lab4           ;
; Family name                                                                ; Cyclone II         ; Cyclone IV GX      ;
; Use smart compilation                                                      ; Off                ; Off                ;
; Enable parallel Assembler and TimeQuest Timing Analyzer during compilation ; On                 ; On                 ;
; Enable compact report table                                                ; Off                ; Off                ;
; Restructure Multiplexers                                                   ; Auto               ; Auto               ;
; Create Debugging Nodes for IP Cores                                        ; Off                ; Off                ;
; Preserve fewer node names                                                  ; On                 ; On                 ;
; Disable OpenCore Plus hardware evaluation                                  ; Off                ; Off                ;
; Verilog Version                                                            ; Verilog_2001       ; Verilog_2001       ;
; VHDL Version                                                               ; VHDL_1993          ; VHDL_1993          ;
; State Machine Processing                                                   ; Auto               ; Auto               ;
; Safe State Machine                                                         ; Off                ; Off                ;
; Extract Verilog State Machines                                             ; On                 ; On                 ;
; Extract VHDL State Machines                                                ; On                 ; On                 ;
; Ignore Verilog initial constructs                                          ; Off                ; Off                ;
; Iteration limit for constant Verilog loops                                 ; 5000               ; 5000               ;
; Iteration limit for non-constant Verilog loops                             ; 250                ; 250                ;
; Add Pass-Through Logic to Inferred RAMs                                    ; On                 ; On                 ;
; Infer RAMs from Raw Logic                                                  ; On                 ; On                 ;
; Parallel Synthesis                                                         ; On                 ; On                 ;
; DSP Block Balancing                                                        ; Auto               ; Auto               ;
; NOT Gate Push-Back                                                         ; On                 ; On                 ;
; Power-Up Don't Care                                                        ; On                 ; On                 ;
; Remove Redundant Logic Cells                                               ; Off                ; Off                ;
; Remove Duplicate Registers                                                 ; On                 ; On                 ;
; Ignore CARRY Buffers                                                       ; Off                ; Off                ;
; Ignore CASCADE Buffers                                                     ; Off                ; Off                ;
; Ignore GLOBAL Buffers                                                      ; Off                ; Off                ;
; Ignore ROW GLOBAL Buffers                                                  ; Off                ; Off                ;
; Ignore LCELL Buffers                                                       ; Off                ; Off                ;
; Ignore SOFT Buffers                                                        ; On                 ; On                 ;
; Limit AHDL Integers to 32 Bits                                             ; Off                ; Off                ;
; Optimization Technique                                                     ; Balanced           ; Balanced           ;
; Carry Chain Length                                                         ; 70                 ; 70                 ;
; Auto Carry Chains                                                          ; On                 ; On                 ;
; Auto Open-Drain Pins                                                       ; On                 ; On                 ;
; Perform WYSIWYG Primitive Resynthesis                                      ; Off                ; Off                ;
; Auto ROM Replacement                                                       ; On                 ; On                 ;
; Auto RAM Replacement                                                       ; On                 ; On                 ;
; Auto Shift Register Replacement                                            ; Auto               ; Auto               ;
; Allow Shift Register Merging across Hierarchies                            ; Auto               ; Auto               ;
; Auto Clock Enable Replacement                                              ; On                 ; On                 ;
; Strict RAM Replacement                                                     ; Off                ; Off                ;
; Allow Synchronous Control Signals                                          ; On                 ; On                 ;
; Force Use of Synchronous Clear Signals                                     ; Off                ; Off                ;
; Auto RAM to Logic Cell Conversion                                          ; Off                ; Off                ;
; Auto Resource Sharing                                                      ; Off                ; Off                ;
; Allow Any RAM Size For Recognition                                         ; Off                ; Off                ;
; Allow Any ROM Size For Recognition                                         ; Off                ; Off                ;
; Allow Any Shift Register Size For Recognition                              ; Off                ; Off                ;
; Use LogicLock Constraints during Resource Balancing                        ; On                 ; On                 ;
; Ignore translate_off and synthesis_off directives                          ; Off                ; Off                ;
; Timing-Driven Synthesis                                                    ; Off                ; Off                ;
; Report Parameter Settings                                                  ; On                 ; On                 ;
; Report Source Assignments                                                  ; On                 ; On                 ;
; Report Connectivity Checks                                                 ; On                 ; On                 ;
; Ignore Maximum Fan-Out Assignments                                         ; Off                ; Off                ;
; Synchronization Register Chain Length                                      ; 2                  ; 2                  ;
; PowerPlay Power Optimization                                               ; Normal compilation ; Normal compilation ;
; HDL message level                                                          ; Level2             ; Level2             ;
; Suppress Register Optimization Related Messages                            ; Off                ; Off                ;
; Number of Removed Registers Reported in Synthesis Report                   ; 5000               ; 5000               ;
; Number of Swept Nodes Reported in Synthesis Report                         ; 5000               ; 5000               ;
; Number of Inverted Registers Reported in Synthesis Report                  ; 100                ; 100                ;
; Clock MUX Protection                                                       ; On                 ; On                 ;
; Auto Gated Clock Conversion                                                ; Off                ; Off                ;
; Block Design Naming                                                        ; Auto               ; Auto               ;
; SDC constraint protection                                                  ; Off                ; Off                ;
; Synthesis Effort                                                           ; Auto               ; Auto               ;
; Shift Register Replacement - Allow Asynchronous Clear Signal               ; On                 ; On                 ;
; Pre-Mapping Resynthesis Optimization                                       ; Off                ; Off                ;
; Analysis & Synthesis Message Level                                         ; Medium             ; Medium             ;
; Disable Register Merging Across Hierarchies                                ; Auto               ; Auto               ;
; Resource Aware Inference For Block RAM                                     ; On                 ; On                 ;
; Synthesis Seed                                                             ; 1                  ; 1                  ;
+----------------------------------------------------------------------------+--------------------+--------------------+


+------------------------------------------+
; Parallel Compilation                     ;
+----------------------------+-------------+
; Processors                 ; Number      ;
+----------------------------+-------------+
; Number detected on machine ; 4           ;
; Maximum allowed            ; 4           ;
;                            ;             ;
; Average used               ; 1.00        ;
; Maximum used               ; 1           ;
;                            ;             ;
; Usage by Processor         ; % Time Used ;
;     Processor 1            ; 100.0%      ;
;     Processors 2-4         ;   0.0%      ;
+----------------------------+-------------+


+--------------------------------------------------------------------------------------------------------------------------------------------------------------------------------------+
; Analysis & Synthesis Source Files Read                                                                                                                                               ;
+----------------------------------+-----------------+------------------------------------+----------------------------------------------------------------------------------+---------+
; File Name with User-Entered Path ; Used in Netlist ; File Type                          ; File Name with Absolute Path                                                     ; Library ;
+----------------------------------+-----------------+------------------------------------+----------------------------------------------------------------------------------+---------+
; ../Lab1/g07_fullAdder.bdf        ; yes             ; User Block Diagram/Schematic File  ; C:/Users/Peter/OneDrive/Documents/McGill 5/DSD/DSD-Labs/Lab1/g07_fullAdder.bdf   ;         ;
; ../Lab1/g07_adder.bdf            ; yes             ; User Block Diagram/Schematic File  ; C:/Users/Peter/OneDrive/Documents/McGill 5/DSD/DSD-Labs/Lab1/g07_adder.bdf       ;         ;
; ../Lab1/g07_Modulo_13.bdf        ; yes             ; User Block Diagram/Schematic File  ; C:/Users/Peter/OneDrive/Documents/McGill 5/DSD/DSD-Labs/Lab1/g07_Modulo_13.bdf   ;         ;
; g07_rules.vhd                    ; yes             ; User VHDL File                     ; C:/Users/Peter/OneDrive/Documents/McGill 5/DSD/DSD-Labs/Lab4_fix/g07_rules.vhd   ;         ;
; g07_testing.bdf                  ; yes             ; User Block Diagram/Schematic File  ; C:/Users/Peter/OneDrive/Documents/McGill 5/DSD/DSD-Labs/Lab4_fix/g07_testing.bdf ;         ;
+----------------------------------+-----------------+------------------------------------+----------------------------------------------------------------------------------+---------+


+-----------------------------------------------------------+
; Analysis & Synthesis Resource Usage Summary               ;
+---------------------------------------------+-------------+
; Resource                                    ; Usage       ;
+---------------------------------------------+-------------+
; Estimated Total logic elements              ; 42          ;
;                                             ;             ;
; Total combinational functions               ; 42          ;
; Logic element usage by number of LUT inputs ;             ;
;     -- 4 input functions                    ; 28          ;
;     -- 3 input functions                    ; 8           ;
;     -- <=2 input functions                  ; 6           ;
;                                             ;             ;
; Logic elements by mode                      ;             ;
;     -- normal mode                          ; 37          ;
;     -- arithmetic mode                      ; 5           ;
;                                             ;             ;
; Total registers                             ; 0           ;
;     -- Dedicated logic registers            ; 0           ;
;     -- I/O registers                        ; 0           ;
;                                             ;             ;
; I/O pins                                    ; 19          ;
; Embedded Multiplier 9-bit elements          ; 0           ;
; Maximum fan-out node                        ; new_card[4] ;
; Maximum fan-out                             ; 9           ;
; Total fan-out                               ; 153         ;
; Average fan-out                             ; 2.51        ;
+---------------------------------------------+-------------+


+--------------------------------------------------------------------------------------------------------------------------------------------------------------------------------------------------------------------------------------------------+
; Analysis & Synthesis Resource Utilization by Entity                                                                                                                                                                                              ;
+-----------------------------------+-------------------+--------------+-------------+--------------+---------+-----------+------+--------------+-----------------------------------------------------------------------------------+--------------+
; Compilation Hierarchy Node        ; LC Combinationals ; LC Registers ; Memory Bits ; DSP Elements ; DSP 9x9 ; DSP 18x18 ; Pins ; Virtual Pins ; Full Hierarchy Name                                                               ; Library Name ;
+-----------------------------------+-------------------+--------------+-------------+--------------+---------+-----------+------+--------------+-----------------------------------------------------------------------------------+--------------+
; |g07_testing                      ; 42 (0)            ; 0 (0)        ; 0           ; 0            ; 0       ; 0         ; 19   ; 0            ; |g07_testing                                                                      ;              ;
;    |g07_rules:inst1|              ; 42 (31)           ; 0 (0)        ; 0           ; 0            ; 0       ; 0         ; 0    ; 0            ; |g07_testing|g07_rules:inst1                                                      ;              ;
;       |g07_Modulo_13:u1|          ; 11 (0)            ; 0 (0)        ; 0           ; 0            ; 0       ; 0         ; 0    ; 0            ; |g07_testing|g07_rules:inst1|g07_Modulo_13:u1                                     ;              ;
;          |g07_adder:inst3|        ; 1 (0)             ; 0 (0)        ; 0           ; 0            ; 0       ; 0         ; 0    ; 0            ; |g07_testing|g07_rules:inst1|g07_Modulo_13:u1|g07_adder:inst3                     ;              ;
;             |g07_fullAdder:inst2| ; 1 (1)             ; 0 (0)        ; 0           ; 0            ; 0       ; 0         ; 0    ; 0            ; |g07_testing|g07_rules:inst1|g07_Modulo_13:u1|g07_adder:inst3|g07_fullAdder:inst2 ;              ;
;          |g07_adder:inst4|        ; 1 (0)             ; 0 (0)        ; 0           ; 0            ; 0       ; 0         ; 0    ; 0            ; |g07_testing|g07_rules:inst1|g07_Modulo_13:u1|g07_adder:inst4                     ;              ;
;             |g07_fullAdder:inst1| ; 1 (1)             ; 0 (0)        ; 0           ; 0            ; 0       ; 0         ; 0    ; 0            ; |g07_testing|g07_rules:inst1|g07_Modulo_13:u1|g07_adder:inst4|g07_fullAdder:inst1 ;              ;
;          |g07_adder:inst5|        ; 4 (0)             ; 0 (0)        ; 0           ; 0            ; 0       ; 0         ; 0    ; 0            ; |g07_testing|g07_rules:inst1|g07_Modulo_13:u1|g07_adder:inst5                     ;              ;
;             |g07_fullAdder:inst1| ; 1 (1)             ; 0 (0)        ; 0           ; 0            ; 0       ; 0         ; 0    ; 0            ; |g07_testing|g07_rules:inst1|g07_Modulo_13:u1|g07_adder:inst5|g07_fullAdder:inst1 ;              ;
;             |g07_fullAdder:inst2| ; 2 (2)             ; 0 (0)        ; 0           ; 0            ; 0       ; 0         ; 0    ; 0            ; |g07_testing|g07_rules:inst1|g07_Modulo_13:u1|g07_adder:inst5|g07_fullAdder:inst2 ;              ;
;             |g07_fullAdder:inst|  ; 1 (1)             ; 0 (0)        ; 0           ; 0            ; 0       ; 0         ; 0    ; 0            ; |g07_testing|g07_rules:inst1|g07_Modulo_13:u1|g07_adder:inst5|g07_fullAdder:inst  ;              ;
;          |g07_adder:inst|         ; 5 (0)             ; 0 (0)        ; 0           ; 0            ; 0       ; 0         ; 0    ; 0            ; |g07_testing|g07_rules:inst1|g07_Modulo_13:u1|g07_adder:inst                      ;              ;
;             |g07_fullAdder:inst5| ; 3 (3)             ; 0 (0)        ; 0           ; 0            ; 0       ; 0         ; 0    ; 0            ; |g07_testing|g07_rules:inst1|g07_Modulo_13:u1|g07_adder:inst|g07_fullAdder:inst5  ;              ;
;             |g07_fullAdder:inst6| ; 1 (1)             ; 0 (0)        ; 0           ; 0            ; 0       ; 0         ; 0    ; 0            ; |g07_testing|g07_rules:inst1|g07_Modulo_13:u1|g07_adder:inst|g07_fullAdder:inst6  ;              ;
;             |g07_fullAdder:inst7| ; 1 (1)             ; 0 (0)        ; 0           ; 0            ; 0       ; 0         ; 0    ; 0            ; |g07_testing|g07_rules:inst1|g07_Modulo_13:u1|g07_adder:inst|g07_fullAdder:inst7  ;              ;
+-----------------------------------+-------------------+--------------+-------------+--------------+---------+-----------+------+--------------+-----------------------------------------------------------------------------------+--------------+
Note: For table entries with two numbers listed, the numbers in parentheses indicate the number of resources of the given type used by the specific entity alone. The numbers listed outside of parentheses indicate the total resources of the given type used by the specific entity and all of its sub-entities in the hierarchy.


+------------------------------------------------------+
; General Register Statistics                          ;
+----------------------------------------------+-------+
; Statistic                                    ; Value ;
+----------------------------------------------+-------+
; Total registers                              ; 0     ;
; Number of registers using Synchronous Clear  ; 0     ;
; Number of registers using Synchronous Load   ; 0     ;
; Number of registers using Asynchronous Clear ; 0     ;
; Number of registers using Asynchronous Load  ; 0     ;
; Number of registers using Clock Enable       ; 0     ;
; Number of registers using Preset             ; 0     ;
+----------------------------------------------+-------+


+------------------------------------------------------------------------------------------------------------------------------------------------------------------+
; Multiplexer Restructuring Statistics (Restructuring Performed)                                                                                                   ;
+--------------------+-----------+---------------+----------------------+------------------------+------------+----------------------------------------------------+
; Multiplexer Inputs ; Bus Width ; Baseline Area ; Area if Restructured ; Saving if Restructured ; Registered ; Example Multiplexer Output                         ;
+--------------------+-----------+---------------+----------------------+------------------------+------------+----------------------------------------------------+
; 3:1                ; 4 bits    ; 8 LEs         ; 8 LEs                ; 0 LEs                  ; No         ; |g07_testing|g07_rules:inst1|new_card_value_int[3] ;
; 4:1                ; 4 bits    ; 8 LEs         ; 8 LEs                ; 0 LEs                  ; No         ; |g07_testing|g07_rules:inst1|sum[4]                ;
+--------------------+-----------+---------------+----------------------+------------------------+------------+----------------------------------------------------+


+-------------------------------+
; Elapsed Time Per Partition    ;
+----------------+--------------+
; Partition Name ; Elapsed Time ;
+----------------+--------------+
; Top            ; 00:00:00     ;
+----------------+--------------+


+-------------------------------+
; Analysis & Synthesis Messages ;
+-------------------------------+
Info: *******************************************************************
Info: Running Quartus II 64-Bit Analysis & Synthesis
    Info: Version 13.0.0 Build 156 04/24/2013 SJ Web Edition
    Info: Processing started: Thu Nov 16 21:21:36 2017
Info: Command: quartus_map --read_settings_files=on --write_settings_files=off g07_Lab4 -c g07_Lab4
Info (20030): Parallel compilation is enabled and will use 4 of the 4 processors detected
Info (12021): Found 2 design units, including 1 entities, in source file /users/peter/onedrive/documents/mcgill 5/dsd/dsd-labs/lab2/g07_pop_enable.vhd
    Info (12022): Found design unit 1: g07_pop_enable-g07_pop_enable_arc
    Info (12023): Found entity 1: g07_pop_enable
Info (12021): Found 2 design units, including 1 entities, in source file /users/peter/onedrive/documents/mcgill 5/dsd/dsd-labs/lab3/lut.vhd
    Info (12022): Found design unit 1: lut-SYN
    Info (12023): Found entity 1: LUT
Info (12021): Found 2 design units, including 1 entities, in source file /users/peter/onedrive/documents/mcgill 5/dsd/dsd-labs/lab3/lpm_mux4.vhd
    Info (12022): Found design unit 1: lpm_mux4-SYN
    Info (12023): Found entity 1: lpm_mux4
Info (12021): Found 2 design units, including 1 entities, in source file /users/peter/onedrive/documents/mcgill 5/dsd/dsd-labs/lab3/lpm_mux2.vhd
    Info (12022): Found design unit 1: lpm_mux2-SYN
    Info (12023): Found entity 1: lpm_mux2
Info (12021): Found 2 design units, including 1 entities, in source file /users/peter/onedrive/documents/mcgill 5/dsd/dsd-labs/lab3/lpm_mux_valueselect.vhd
    Info (12022): Found design unit 1: lpm_mux_valueselect-SYN
    Info (12023): Found entity 1: lpm_mux_valueSelect
Info (12021): Found 2 design units, including 1 entities, in source file /users/peter/onedrive/documents/mcgill 5/dsd/dsd-labs/lab3/lpm_divide0.vhd
    Info (12022): Found design unit 1: lpm_divide0-SYN
    Info (12023): Found entity 1: lpm_divide0
Info (12021): Found 2 design units, including 1 entities, in source file /users/peter/onedrive/documents/mcgill 5/dsd/dsd-labs/lab3/lpm_counter_stack.vhd
    Info (12022): Found design unit 1: lpm_counter_stack-SYN
    Info (12023): Found entity 1: lpm_counter_stack
Info (12021): Found 2 design units, including 1 entities, in source file /users/peter/onedrive/documents/mcgill 5/dsd/dsd-labs/lab3/lpm_counter_bounce1.vhd
    Info (12022): Found design unit 1: lpm_counter_bounce1-SYN
    Info (12023): Found entity 1: lpm_counter_bounce1
Info (12021): Found 2 design units, including 1 entities, in source file /users/peter/onedrive/documents/mcgill 5/dsd/dsd-labs/lab3/lpm_counter_bounce.vhd
    Info (12022): Found design unit 1: lpm_counter_bounce-SYN
    Info (12023): Found entity 1: lpm_counter_bounce
Info (12021): Found 2 design units, including 1 entities, in source file /users/peter/onedrive/documents/mcgill 5/dsd/dsd-labs/lab3/lpm_constantpop.vhd
    Info (12022): Found design unit 1: lpm_constantpop-SYN
    Info (12023): Found entity 1: lpm_constantPOP
Info (12021): Found 2 design units, including 1 entities, in source file /users/peter/onedrive/documents/mcgill 5/dsd/dsd-labs/lab3/lpm_constant42_fix.vhd
    Info (12022): Found design unit 1: lpm_constant42_fix-SYN
    Info (12023): Found entity 1: lpm_constant42_fix
Info (12021): Found 2 design units, including 1 entities, in source file /users/peter/onedrive/documents/mcgill 5/dsd/dsd-labs/lab3/lpm_constant0.vhd
    Info (12022): Found design unit 1: lpm_constant0-SYN
    Info (12023): Found entity 1: lpm_constant0
Info (12021): Found 2 design units, including 1 entities, in source file /users/peter/onedrive/documents/mcgill 5/dsd/dsd-labs/lab3/lpm_constant_push.vhd
    Info (12022): Found design unit 1: lpm_constant_push-SYN
    Info (12023): Found entity 1: lpm_constant_PUSH
Info (12021): Found 2 design units, including 1 entities, in source file /users/peter/onedrive/documents/mcgill 5/dsd/dsd-labs/lab3/lpm_constant_pop.vhd
    Info (12022): Found design unit 1: lpm_constant_pop-SYN
    Info (12023): Found entity 1: lpm_constant_POP
Info (12021): Found 2 design units, including 1 entities, in source file /users/peter/onedrive/documents/mcgill 5/dsd/dsd-labs/lab3/lpm_constant_noop.vhd
    Info (12022): Found design unit 1: lpm_constant_noop-SYN
    Info (12023): Found entity 1: lpm_constant_NOOP
Info (12021): Found 2 design units, including 1 entities, in source file /users/peter/onedrive/documents/mcgill 5/dsd/dsd-labs/lab3/lpm_constant_init.vhd
    Info (12022): Found design unit 1: lpm_constant_init-SYN
    Info (12023): Found entity 1: lpm_constant_INIT
Info (12021): Found 2 design units, including 1 entities, in source file /users/peter/onedrive/documents/mcgill 5/dsd/dsd-labs/lab3/lpm_compare199999.vhd
    Info (12022): Found design unit 1: lpm_compare199999-SYN
    Info (12023): Found entity 1: lpm_compare199999
Info (12021): Found 2 design units, including 1 entities, in source file /users/peter/onedrive/documents/mcgill 5/dsd/dsd-labs/lab3/lpm_compare52.vhd
    Info (12022): Found design unit 1: lpm_compare52-SYN
    Info (12023): Found entity 1: lpm_compare52
Info (12021): Found 2 design units, including 1 entities, in source file /users/peter/onedrive/documents/mcgill 5/dsd/dsd-labs/lab3/lpm_compare0.vhd
    Info (12022): Found design unit 1: lpm_compare0-SYN
    Info (12023): Found entity 1: lpm_compare0
Info (12021): Found 2 design units, including 1 entities, in source file /users/peter/onedrive/documents/mcgill 5/dsd/dsd-labs/lab3/lpm_compare_bounce0.vhd
    Info (12022): Found design unit 1: lpm_compare_bounce0-SYN
    Info (12023): Found entity 1: lpm_compare_bounce0
Info (12021): Found 2 design units, including 1 entities, in source file /users/peter/onedrive/documents/mcgill 5/dsd/dsd-labs/lab3/lpm_compare_bounce.vhd
    Info (12022): Found design unit 1: lpm_compare_bounce-SYN
    Info (12023): Found entity 1: lpm_compare_bounce
Info (12021): Found 2 design units, including 1 entities, in source file /users/peter/onedrive/documents/mcgill 5/dsd/dsd-labs/lab2/add32.vhd
    Info (12022): Found design unit 1: add32-SYN
    Info (12023): Found entity 1: add32
Info (12021): Found 2 design units, including 1 entities, in source file /users/peter/onedrive/documents/mcgill 5/dsd/dsd-labs/lab2/g07_7_segment_decoder.vhd
    Info (12022): Found design unit 1: g07_7_segment_decoder-g07_7_segment_decoder_arc
    Info (12023): Found entity 1: g07_7_segment_decoder
Info (12021): Found 1 design units, including 1 entities, in source file /users/peter/onedrive/documents/mcgill 5/dsd/dsd-labs/lab1/g07_fulladder.bdf
    Info (12023): Found entity 1: g07_fullAdder
Info (12021): Found 1 design units, including 1 entities, in source file /users/peter/onedrive/documents/mcgill 5/dsd/dsd-labs/lab1/g07_adder.bdf
    Info (12023): Found entity 1: g07_adder
Info (12021): Found 1 design units, including 1 entities, in source file /users/peter/onedrive/documents/mcgill 5/dsd/dsd-labs/lab3/g07_stack52.bdf
    Info (12023): Found entity 1: g07_stack52
Info (12021): Found 1 design units, including 1 entities, in source file /users/peter/onedrive/documents/mcgill 5/dsd/dsd-labs/lab3/g07_debouncer.bdf
    Info (12023): Found entity 1: g07_debouncer
Info (12021): Found 2 design units, including 1 entities, in source file /users/peter/onedrive/documents/mcgill 5/dsd/dsd-labs/lab2/g07_randu.vhd
    Info (12022): Found design unit 1: g07_RANDU-g07_RANDU_arch
    Info (12023): Found entity 1: g07_RANDU
Info (12021): Found 1 design units, including 1 entities, in source file /users/peter/onedrive/documents/mcgill 5/dsd/dsd-labs/lab1/g07_modulo_13.bdf
    Info (12023): Found entity 1: g07_Modulo_13
Info (12021): Found 2 design units, including 1 entities, in source file g07_rules.vhd
    Info (12022): Found design unit 1: g07_rules-g07_rules_arch
    Info (12023): Found entity 1: g07_rules
Info (12021): Found 1 design units, including 1 entities, in source file g07_lab4_testbed.bdf
    Info (12023): Found entity 1: g07_lab4_testbed
Info (12021): Found 2 design units, including 1 entities, in source file g07_dealer_fsm.vhd
    Info (12022): Found design unit 1: g07_dealer_FSM-g07_dealer_FSM_arch
    Info (12023): Found entity 1: g07_dealer_FSM
Info (12021): Found 2 design units, including 1 entities, in source file /users/peter/onedrive/documents/mcgill 5/dsd/dsd-labs/lab1/lpm_mux_mode.vhd
    Info (12022): Found design unit 1: lpm_mux_mode-SYN
    Info (12023): Found entity 1: lpm_mux_MODE
Info (12021): Found 2 design units, including 1 entities, in source file /users/peter/onedrive/documents/mcgill 5/dsd/dsd-labs/lab1/lpm_mux_adr.vhd
    Info (12022): Found design unit 1: lpm_mux_adr-SYN
    Info (12023): Found entity 1: lpm_mux_adr
Info (12021): Found 1 design units, including 1 entities, in source file g07_testing.bdf
    Info (12023): Found entity 1: g07_testing
Info (12021): Found 2 design units, including 1 entities, in source file lpm_divide10.vhd
    Info (12022): Found design unit 1: lpm_divide10-SYN
    Info (12023): Found entity 1: lpm_divide10
Info (12021): Found 2 design units, including 1 entities, in source file g07_rules_v2.vhd
    Info (12022): Found design unit 1: g07_rules_v2-g07_rules_arch_v2
    Info (12023): Found entity 1: g07_rules_v2
Info (12127): Elaborating entity "g07_testing" for the top level hierarchy
Info (12128): Elaborating entity "g07_rules" for hierarchy "g07_rules:inst1"
Warning (10036): Verilog HDL or VHDL warning at g07_rules.vhd(29): object "new_card_suit" assigned a value but never read
Warning (10492): VHDL Process Statement warning at g07_rules.vhd(51): signal "play_pile_top_card" is read inside the Process Statement but isn't in the Process Statement's sensitivity list
Warning (10492): VHDL Process Statement warning at g07_rules.vhd(52): signal "old_sum" is read inside the Process Statement but isn't in the Process Statement's sensitivity list
Warning (10492): VHDL Process Statement warning at g07_rules.vhd(55): signal "old_sum" is read inside the Process Statement but isn't in the Process Statement's sensitivity list
Warning (10492): VHDL Process Statement warning at g07_rules.vhd(57): signal "new_card_value_int_raw" is read inside the Process Statement but isn't in the Process Statement's sensitivity list
Warning (10492): VHDL Process Statement warning at g07_rules.vhd(59): signal "new_card_value_int_raw" is read inside the Process Statement but isn't in the Process Statement's sensitivity list
Warning (10492): VHDL Process Statement warning at g07_rules.vhd(61): signal "new_card_value_int_raw" is read inside the Process Statement but isn't in the Process Statement's sensitivity list
Warning (10492): VHDL Process Statement warning at g07_rules.vhd(64): signal "new_card_value_int" is read inside the Process Statement but isn't in the Process Statement's sensitivity list
Warning (10492): VHDL Process Statement warning at g07_rules.vhd(64): signal "old_sum_int" is read inside the Process Statement but isn't in the Process Statement's sensitivity list
Warning (10492): VHDL Process Statement warning at g07_rules.vhd(67): signal "test_new_sum_int" is read inside the Process Statement but isn't in the Process Statement's sensitivity list
Warning (10492): VHDL Process Statement warning at g07_rules.vhd(69): signal "test_new_sum_int" is read inside the Process Statement but isn't in the Process Statement's sensitivity list
Warning (10492): VHDL Process Statement warning at g07_rules.vhd(70): signal "new_card_value_int" is read inside the Process Statement but isn't in the Process Statement's sensitivity list
Warning (10492): VHDL Process Statement warning at g07_rules.vhd(71): signal "old_ace" is read inside the Process Statement but isn't in the Process Statement's sensitivity list
Warning (10492): VHDL Process Statement warning at g07_rules.vhd(74): signal "new_card_value_int" is read inside the Process Statement but isn't in the Process Statement's sensitivity list
Warning (10492): VHDL Process Statement warning at g07_rules.vhd(75): signal "test_new_sum_int" is read inside the Process Statement but isn't in the Process Statement's sensitivity list
Warning (10492): VHDL Process Statement warning at g07_rules.vhd(77): signal "old_ace" is read inside the Process Statement but isn't in the Process Statement's sensitivity list
Warning (10492): VHDL Process Statement warning at g07_rules.vhd(79): signal "old_ace" is read inside the Process Statement but isn't in the Process Statement's sensitivity list
Warning (10492): VHDL Process Statement warning at g07_rules.vhd(80): signal "test_new_sum_int" is read inside the Process Statement but isn't in the Process Statement's sensitivity list
Warning (10492): VHDL Process Statement warning at g07_rules.vhd(86): signal "old_ace" is read inside the Process Statement but isn't in the Process Statement's sensitivity list
Info (12128): Elaborating entity "g07_Modulo_13" for hierarchy "g07_rules:inst1|g07_Modulo_13:u1"
Info (12128): Elaborating entity "g07_adder" for hierarchy "g07_rules:inst1|g07_Modulo_13:u1|g07_adder:inst5"
Info (12128): Elaborating entity "g07_fullAdder" for hierarchy "g07_rules:inst1|g07_Modulo_13:u1|g07_adder:inst5|g07_fullAdder:inst7"
Info (16010): Generating hard_block partition "hard_block:auto_generated_inst"
    Info (16011): Adding 0 node(s), including 0 DDIO, 0 PLL, 0 transceiver and 0 LCELL
Info (21057): Implemented 61 device resources after synthesis - the final resource count might be different
    Info (21058): Implemented 12 input pins
    Info (21059): Implemented 7 output pins
    Info (21061): Implemented 42 logic cells
Info: Quartus II 64-Bit Analysis & Synthesis was successful. 0 errors, 19 warnings
    Info: Peak virtual memory: 539 megabytes
    Info: Processing ended: Thu Nov 16 21:21:38 2017
    Info: Elapsed time: 00:00:02
    Info: Total CPU time (on all processors): 00:00:02


